8523:
4.07
4.09
3.55
3.55
3.25
3.91
3.63
3.34
2.8
3.29
3.69
3.74
3.23
3.54
3.78
3.26
4.23
3.67
3.34
3.45
3.84
3.46
3.75
3.93
3.7
3.52
3.59
3.36
3.61
4.12
3.19
8524:
3.78
4.04
4.01
3.72
4.34
4.13
4.01
3.8
4.37
3.9
3.77
3.87
3.68
3.89
3.97
3.75
4.15
3.87
4.21
4.14
4.07
4.21
4.36
3.72
3.8
4.01
4.03
4.46
4.1
4.07
3.84
3.9
3.95
3.95
4.12
3.61
3.99
4.35
3.77
3.84
4.26
3.72
4.12
3.97
4.17
4.18
4.1
4.03
4.08
4.51
3.79
3.97
3.9
3.97
4.01
4.51
3.85
4.21
3.91
3.92
3.96
3.97
3.9
4.17
3.82
3.93
3.89
3.95
4.43
4.2
3.9
4.03
4.04
4.3
3.72
3.97
3.98
4.21
4.31
3.72
4.19
4.11
4.05
3.89
4.22
3.82
3.67
3.98
3.77
3.73
4.08
4.02
3.97
4.17
3.95
3.77
3.9
3.98
4.05
3.97
3.66
3.91
3.81
4.06
3.67
3.95
4.07
4.11
4.02
4.02
3.99
4.04
4.03
3.68
3.77
4.09
4.18
3.86
3.73
4.0
3.78
3.83
4.48
4.13
3.83
4.47
4.33
3.65
4.01
4.07
4.15
3.9
4.26
3.85
4.38
4.0
3.9
3.93
3.97
4.07
4.09
4.06
3.84
4.46
4.26
4.08
4.13
3.8
4.23
3.75
4.01
4.43
3.84
3.88
4.37
4.52
4.17
3.85
4.08
4.01
3.92
3.85
4.01
4.61
4.71
3.95
4.37
3.96
4.4
3.98
4.26
4.04
3.96
3.94
3.95
4.05
4.11
4.33
3.88
3.77
3.93
3.88
4.59
4.1
4.07
4.07
4.09
3.94
3.99
3.82
3.98
4.15
4.14
4.19
4.03
4.4
4.39
4.0
4.0
3.75
3.7
4.01
4.56
4.08
3.99
4.13
4.38
4.54
4.3
4.24
4.09
4.04
4.05
3.87
4.75
3.9
4.09
3.71
3.99
4.18
3.84
4.02
4.01
4.02
4.27
4.07
3.92
4.05
3.8
3.88
4.02
3.91
3.81
3.95
3.92
3.83
4.12
4.2
4.63
3.95
3.68
4.02
4.0
3.98
3.97
4.01
4.2
4.11
4.12
4.17
3.86
4.26
3.83
3.84
4.03
4.28
4.08
4.04
4.19
3.95
3.98
3.91
4.21
4.1
4.21
4.1
4.11
4.51
4.27
4.15
4.15
4.2
3.96
3.78
3.9
4.26
4.05
4.07
3.89
3.64
3.69
3.89
4.01
3.96
3.96
4.57
4.02
3.5
3.83
4.01
4.0
4.01
3.91
4.05
3.95
3.71
3.86
4.07
3.95
3.96
4.4
4.12
4.28
3.81
4.3
3.9
4.03
4.31
3.85
4.63
4.02
4.21
3.79
4.18
4.28
4.03
3.86
4.57
3.96
4.16
4.05
4.26
4.15
3.87
3.87
3.69
4.08
3.76
4.18
4.3
4.02
3.93
4.07
4.7
4.08
4.56
3.85
4.41
3.71
4.06
4.51
4.01
4.12
4.0
3.85
4.07
3.96
3.95
3.95
4.3
4.12
3.88
4.16
4.12
4.0
4.05
3.81
4.62
4.09
4.1
4.18
4.25
3.92
4.47
4.18
4.02
3.97
4.15
4.07
4.14
4.12
4.04
4.75
4.17
4.1
4.07
3.87
3.52
3.89
3.85
3.74
3.93
4.27
4.41
3.84
3.9
4.23
4.39
4.27
4.29
4.21
4.13
3.94
3.67
4.02
4.05
3.68
3.92
4.06
3.68
4.23
3.96
4.1
4.15
3.89
4.21
4.07
4.41
3.95
4.19
3.61
4.13
3.85
4.4
4.06
4.06
3.61
3.88
4.5
3.66
4.34
4.1
3.81
4.04
4.38
3.7
3.77
4.18
3.93
3.71
8525:
3.59
3.78
3.53
3.76
3.81
3.89
3.3
3.51
3.17
3.62
3.26
2.91
3.32
3.74
3.04
3.57
3.33
3.06
3.94
3.64
3.74
3.56
3.43
4.04
3.89
3.57
2.96
3.32
3.07
3.92
4.13
3.29
4.04
3.22
3.26
3.47
3.49
3.36
3.3
3.32
2.99
3.4
4.01
3.59
3.54
3.41
3.5
4.33
3.92
3.98
3.22
3.71
3.17
3.15
3.22
3.48
3.9
3.65
3.45
3.78
3.07
3.51
3.33
3.41
3.49
3.85
3.49
3.71
3.13
3.93
4.37
3.9
3.04
3.73
3.44
3.48
3.22
3.39
3.78
4.06
3.74
3.76
3.05
3.31
3.69
3.46
3.4
2.93
3.67
3.77
3.33
4.26
3.39
3.3
3.66
3.84
3.45
3.68
3.4
3.04
3.65
3.91
3.84
3.2
3.35
3.29
3.22
3.65
3.27
4.01
3.79
3.64
3.4
3.7
3.13
3.01
4.22
3.94
3.71
3.68
3.75
3.42
3.11
3.56
3.61
3.79
3.84
3.28
3.23
3.74
3.77
3.38
3.44
3.3
4.06
3.28
3.26
4.14
3.66
3.44
4.3
3.52
3.28
3.09
3.39
3.4
3.34
3.89
3.26
3.47
3.86
3.73
3.74
3.13
3.27
3.25
3.56
3.95
3.53
3.67
3.44
3.37
3.58
3.88
4.0
3.48
3.6
4.06
3.24
3.01
3.34
3.41
3.55
3.38
4.17
3.57
3.61
4.37
3.75
3.59
3.63
4.36
3.74
3.64
3.45
3.7
3.65
3.26
3.79
3.77
4.29
3.5
4.01
3.46
3.45
3.8
3.67
3.36
3.75
3.45
3.43
3.41
3.37
3.56
3.96
3.44
3.56
3.24
3.2
3.84
4.37
3.72
3.18
3.45
3.87
3.29
3.76
3.73
3.55
3.27
3.51
4.01
3.42
3.63
3.99
2.9
3.52
2.42
3.59
3.88
3.38
3.73
4.17
3.69
3.5
3.29
3.54
3.39
3.3
3.67
3.77
3.13
3.69
2.92
3.63
3.91
3.2
3.38
3.27
3.47
3.75
4.03
3.25
3.49
3.76
3.06
3.56
3.65
3.92
3.44
3.3
3.74
3.56
3.49
3.31
3.46
3.3
3.48
3.13
3.31
3.59
3.27
3.4
3.72
3.53
4.21
2.87
3.57
4.0
3.45
3.55
3.3
2.53
3.35
3.28
3.4
4.25
4.21
4.11
4.14
3.43
3.93
3.68
3.35
3.78
3.13
3.56
3.24
3.74
4.06
4.14
3.77
3.46
3.85
3.31
3.09
3.52
3.12
3.46
3.89
4.07
3.72
3.73
3.6
3.81
3.41
3.96
3.58
3.31
3.39
3.71
4.16
3.88
3.5
3.58
3.24
3.57
3.78
3.56
3.57
3.15
3.52
3.3
3.57
3.42
3.58
3.4
3.22
3.05
3.66
3.37
3.07
3.33
3.67
3.33
4.09
3.62
3.96
3.83
3.38
3.57
3.4
3.52
3.76
3.29
4.12
3.82
3.0
3.75
3.34
3.29
3.29
3.63
3.48
3.76
3.26
3.15
3.23
3.81
3.65
3.92
3.34
3.3
3.82
3.79
3.66
3.13
3.61
3.29
3.51
3.69
3.99
3.53
3.78
3.43
3.13
3.07
2.96
3.94
3.51
3.85
4.03
3.8
3.75
3.67
2.97
3.54
3.69
2.93
3.74
3.7
3.87
3.3
4.04
3.36
3.08
3.55
2.99
3.31
3.79
3.35
3.33
3.74
2.92
3.81
3.47
3.48
3.54
3.44
3.38
3.63
3.8
3.67
3.49
3.54
3.18
3.77
3.23
3.9
3.6
4.04
2.88
3.7
3.06
3.71
3.26
3.58
3.15
2.85
3.76
3.45
3.62
3.59
3.93
3.23
4.0
3.9
3.31
3.18
3.79
3.33
3.3
4.13
2.78
3.4
3.77
3.53
3.66
3.58
3.76
3.78
3.05
3.63
3.02
3.52
3.36
3.95
3.35
3.59
3.57
2.86
3.47
3.41
3.71
3.49
3.63
3.78
3.43
3.19
3.92
3.66
3.41
3.19
4.11
3.36
4.04
3.82
3.57
4.24
3.82
3.2
3.17
3.23
3.63
3.59
3.55
3.31
3.36
3.79
3.57
3.99
3.39
3.55
3.62
3.65
3.56
3.44
3.45
3.43
3.69
3.27
3.48
3.72
3.66
3.34
3.68
3.47
4.16
3.07
3.53
3.28
4.0
3.54
3.49
2.91
3.5
3.67
3.29
3.87
3.59
3.49
4.28
3.52
3.87
3.47
3.78
3.57
3.61
3.16
4.03
3.8
3.24
3.08
3.38
3.22
3.43
3.38
3.64
3.04
3.37
3.5
4.22
3.79
3.75
3.67
3.55
3.79
4.2
3.38
4.06
3.08
3.96
3.71
3.38
3.57
3.44
3.52
3.55
3.84
3.58
2.99
3.84
3.79
3.63
3.03
3.38
3.22
3.53
3.12
3.85
3.45
3.91
3.63
3.4
3.26
3.54
3.74
3.41
3.34
3.24
3.36
3.98
3.83
3.41
3.9
3.91
3.36
3.01
2.8
3.6
2.77
3.38
3.46
3.52
3.9
3.6
3.38
2.93
8526:
3.55
3.85
3.93
3.72
3.87
3.56
3.86
3.68
3.76
3.83
3.76
3.93
3.79
3.67
3.22
3.62
3.85
3.77
4.3
3.5
3.73
3.97
3.71
4.33
3.69
3.58
3.87
3.65
3.97
3.83
4.03
3.68
3.86
3.96
4.11
3.75
3.9
4.01
3.83
3.73
3.69
3.9
3.67
3.82
3.85
3.8
3.87
3.84
3.56
3.63
3.7
3.94
3.95
4.0
3.54
4.22
3.74
4.07
3.47
3.39
3.97
3.85
3.72
3.72
3.77
3.68
3.97
3.84
3.9
3.68
8527:
3.07
3.56
3.26
3.16
3.23
3.29
3.46
8528:
3.16
4.16
3.76
8529:
3.45
3.35
2.94
2.76
2.97
2.7
3.3
3.01
2.79
3.0
3.08
853:
3.54
3.43
3.14
3.99
3.13
3.27
3.56
3.27
8530:
3.63
3.98
3.72
3.76
3.37
3.43
3.74
3.43
3.44
3.93
8531:
4.12
4.02
3.55
3.83
3.93
3.8
4.31
3.84
3.74
3.91
4.07
3.75
3.71
3.49
3.82
3.79
3.82
3.78
3.76
3.96
3.67
4.63
3.87
3.85
3.57
3.84
3.67
3.51
3.9
3.84
4.04
3.9
4.05
4.04
3.98
4.15
3.89
4.11
3.81
3.8
3.92
4.36
3.87
3.97
3.96
4.14
3.59
3.95
3.59
3.77
3.83
4.06
3.89
4.21
4.17
3.89
3.91
3.69
3.93
3.67
3.38
3.77
3.64
3.85
3.86
3.89
3.91
3.85
3.67
3.73
3.94
3.63
3.77
4.63
3.95
3.97
3.95
4.04
3.84
3.94
3.62
3.94
4.08
3.59
4.12
4.09
3.79
3.78
3.75
3.8
4.04
3.71
4.0
3.56
3.8
3.93
4.24
3.47
3.59
3.95
3.98
4.38
3.95
3.45
3.81
3.8
3.36
3.94
4.13
3.94
3.93
3.67
3.75
3.74
3.8
3.62
3.95
3.46
3.64
3.69
3.82
3.45
3.57
3.63
4.09
3.87
3.53
3.93
3.78
3.83
3.75
3.75
4.12
3.81
3.78
3.75
3.59
3.65
3.78
3.75
3.88
4.08
3.7
3.46
3.62
3.79
3.74
3.79
3.92
4.05
4.12
3.69
3.66
3.9
3.77
3.64
3.78
3.22
3.88
4.05
3.71
3.77
3.93
3.49
3.46
3.77
3.68
3.66
3.36
3.47
3.86
3.42
3.89
3.73
3.98
4.02
3.65
3.9
4.12
3.84
3.95
3.37
3.82
3.53
3.68
3.81
3.92
4.21
8532:
3.19
8533:
3.23
4.01
3.7
2.98
3.45
3.99
3.37
8534:
3.59
3.55
2.9
3.07
2.78
3.6
2.88
4.06
3.42
3.29
3.27
3.65
8535:
4.52
4.03
4.35
4.52
4.16
4.36
4.08
4.5
4.17
4.43
4.18
4.02
4.32
4.14
4.36
4.24
4.24
4.03
4.44
4.33
4.87
4.06
4.18
4.49
4.34
3.9
4.42
4.13
4.64
4.18
4.49
4.1
4.25
4.42
3.91
4.72
4.11
3.91
4.46
4.76
4.33
4.51
4.4
4.58
4.27
4.27
4.28
4.59
4.38
4.19
4.19
4.7
4.35
4.43
4.17
4.48
4.42
4.46
4.2
4.02
4.66
4.64
3.88
4.07
4.27
4.22
4.06
4.14
4.59
4.32
3.98
4.49
3.96
4.27
3.68
4.26
4.68
4.15
4.25
4.15
4.14
4.22
4.17
4.11
4.28
4.13
3.95
4.57
4.15
4.32
4.01
4.36
3.85
4.29
4.27
4.57
4.21
4.45
4.18
4.53
4.38
3.89
4.41
3.96
4.33
4.27
4.12
4.06
3.92
4.21
4.84
8536:
3.86
3.48
4.03
3.23
3.7
3.93
3.69
4.13
3.71
4.1
3.62
3.83
3.7
3.6
3.36
3.67
3.39
3.62
3.75
3.18
3.83
3.78
8537:
2.95
2.38
2.74
3.34
2.61
3.33
2.91
8538:
4.17
4.02
4.23
4.15
4.97
4.57
4.37
4.12
4.11
4.3
3.97
4.24
4.35
4.07
4.51
4.15
3.77
4.08
4.72
4.28
3.76
4.28
4.43
4.82
4.32
4.6
3.93
3.87
4.1
4.15
4.11
4.16
4.1
4.13
4.51
4.32
4.41
4.97
4.3
4.41
4.33
4.33
4.23
4.7
4.27
RMSE: 0.97
